<?xml version="1.0" encoding="UTF-8"?>
<!-- Generated by org.testng.reporters.JUnitReportReporter -->
<testsuite hostname="DESKTOP-CQ6GMO6" failures="0" tests="1" name="Website.Templates" time="8.431" errors="0" timestamp="2023-10-12T13:47:42 PKT" skipped="0">
  <testcase classname="Website.Templates" name="UploadDocument" time="8.431"/>
</testsuite> <!-- Website.Templates -->
