<?xml version="1.0" encoding="UTF-8"?>
<!-- Generated by org.testng.reporters.JUnitReportReporter -->
<testsuite hostname="DESKTOP-CQ6GMO6" failures="0" tests="1" name="Website.MicrophoneRecordings" time="18.672" errors="0" timestamp="2023-10-16T10:10:16 PKT" skipped="0">
  <testcase classname="Website.MicrophoneRecordings" name="RecordPauseResumeStopAndUpload" time="18.672"/>
</testsuite> <!-- Website.MicrophoneRecordings -->
