<?xml version="1.0" encoding="UTF-8"?>
<!-- Generated by org.testng.reporters.JUnitReportReporter -->
<testsuite hostname="DESKTOP-CQ6GMO6" failures="0" tests="6" name="Website.ClientDashboard" time="10.552" errors="0" timestamp="2023-10-17T16:49:44 PKT" skipped="0">
  <testcase classname="Website.ClientDashboard" name="VerifyAllJobsCount" time="2.334"/>
  <testcase classname="Website.ClientDashboard" name="VerifyCompleteJobsCount" time="1.846"/>
  <testcase classname="Website.ClientDashboard" name="VerifyInProgressJobsCount" time="1.233"/>
  <testcase classname="Website.ClientDashboard" name="VerifyDocumentsCount" time="1.636"/>
  <testcase classname="Website.ClientDashboard" name="VerifyCompletedJobsStatus" time="2.137"/>
  <testcase classname="Website.ClientDashboard" name="VerifyInProgressJobsStatus" time="1.366"/>
</testsuite> <!-- Website.ClientDashboard -->
