<?xml version="1.0" encoding="UTF-8"?>
<!-- Generated by org.testng.reporters.JUnitReportReporter -->
<testsuite hostname="DESKTOP-CQ6GMO6" failures="0" tests="1" name="Website.Login" time="4.374" errors="0" timestamp="2023-10-17T16:49:44 PKT" skipped="0">
  <testcase classname="Website.Login" name="ClientLogin" time="4.374"/>
</testsuite> <!-- Website.Login -->
