<?xml version="1.0" encoding="UTF-8"?>
<!-- Generated by org.testng.reporters.JUnitReportReporter -->
<testsuite hostname="DESKTOP-CQ6GMO6" failures="0" tests="8" name="Website.CommonFunctionalities" time="41.082" errors="0" timestamp="2023-10-17T16:49:44 PKT" skipped="2">
  <testcase classname="Website.CommonFunctionalities" name="ChangePasswordInvalid" time="2.323"/>
  <testcase classname="Website.CommonFunctionalities" name="ChangePassword" time="2.594"/>
  <testcase classname="Website.CommonFunctionalities" name="FacebookLink" time="5.287"/>
  <testcase classname="Website.CommonFunctionalities" name="TwitterLink" time="9.160"/>
  <testcase classname="Website.CommonFunctionalities" name="SubmitTicketWithoutTitleAndMessage" time="10.453"/>
  <testcase classname="Website.CommonFunctionalities" name="SubmitTicketSuccessfully" time="11.265"/>
  <testcase classname="Website.CommonFunctionalities" name="CheckTitleIsMandatoryForTicket">
    <skipped/>
  </testcase> <!-- CheckTitleIsMandatoryForTicket -->
  <testcase classname="Website.CommonFunctionalities" name="CheckMessageIsMandatoryforTicket">
    <skipped/>
  </testcase> <!-- CheckMessageIsMandatoryforTicket -->
</testsuite> <!-- Website.CommonFunctionalities -->
