<?xml version="1.0" encoding="UTF-8"?>
<!-- Generated by org.testng.reporters.JUnitReportReporter -->
<testsuite hostname="DESKTOP-CQ6GMO6" failures="0" tests="1" name="Website.Transcriptions" time="10.085" errors="0" timestamp="2023-10-16T10:35:10 PKT" skipped="0">
  <testcase classname="Website.Transcriptions" name="AddDocumentFromTranscriptions" time="10.085"/>
</testsuite> <!-- Website.Transcriptions -->
