<?xml version="1.0" encoding="UTF-8"?>
<!-- Generated by org.testng.reporters.JUnitReportReporter -->
<testsuite hostname="DESKTOP-CQ6GMO6" failures="0" tests="15" name="Website.ClientTranscriptions" time="81.812" errors="0" timestamp="2023-10-17T16:49:44 PKT" skipped="1">
  <testcase classname="Website.ClientTranscriptions" name="FilterInProgressTranscriptions" time="5.293"/>
  <testcase classname="Website.ClientTranscriptions" name="FilterCancelledTranscriptions" time="5.625"/>
  <testcase classname="Website.ClientTranscriptions" name="CloseButtonInTransacriptions" time="6.046"/>
  <testcase classname="Website.ClientTranscriptions" name="AddDocumentFromTranscriptions" time="11.722"/>
  <testcase classname="Website.ClientTranscriptions" name="FilterQueuedTranscriptions" time="5.597"/>
  <testcase classname="Website.ClientTranscriptions" name="SaveAndCloseWithoutSelectingAudio" time="2.171"/>
  <testcase classname="Website.ClientTranscriptions" name="SaveWithoutSelectingAudio" time="2.253"/>
  <testcase classname="Website.ClientTranscriptions" name="UploadLargeAudioAndSave" time="4.419"/>
  <testcase classname="Website.ClientTranscriptions" name="UploadAudioAndSave" time="8.584"/>
  <testcase classname="Website.ClientTranscriptions" name="FilterFailedTranscriptions" time="5.192"/>
  <testcase classname="Website.ClientTranscriptions" name="FilterCompletedTranscriptions" time="6.304"/>
  <testcase classname="Website.ClientTranscriptions" name="UploadLargeAudioSaveAndClose" time="4.378"/>
  <testcase classname="Website.ClientTranscriptions" name="ViewDocumentFromTranscriptions" time="4.485"/>
  <testcase classname="Website.ClientTranscriptions" name="UploadAudioSaveAndClose" time="9.743"/>
  <testcase classname="Website.ClientTranscriptions" name="PlayTransacription">
    <skipped/>
  </testcase> <!-- PlayTransacription -->
</testsuite> <!-- Website.ClientTranscriptions -->
