<?xml version="1.0" encoding="UTF-8"?>
<!-- Generated by org.testng.reporters.JUnitReportReporter -->
<testsuite hostname="DESKTOP-CQ6GMO6" failures="0" tests="3" name="Website.StaffTranscriptions" time="10.114" errors="0" timestamp="2023-10-17T16:46:15 PKT" skipped="0">
  <testcase classname="Website.StaffTranscriptions" name="CompleteJob" time="5.260"/>
  <testcase classname="Website.StaffTranscriptions" name="DeclineJob" time="1.142"/>
  <testcase classname="Website.StaffTranscriptions" name="AcceptJob" time="3.712"/>
</testsuite> <!-- Website.StaffTranscriptions -->
