<?xml version="1.0" encoding="UTF-8"?>
<!-- Generated by org.testng.reporters.JUnitReportReporter -->
<testsuite hostname="DESKTOP-CQ6GMO6" failures="0" tests="10" name="Website.Dashboard" time="25.291" errors="0" timestamp="2023-10-12T18:16:34 PKT" skipped="2">
  <testcase classname="Website.Dashboard" name="VerifyAllJobsCount" time="2.082"/>
  <testcase classname="Website.Dashboard" name="VerifyCompleteJobsCount" time="1.617"/>
  <testcase classname="Website.Dashboard" name="VerifyInProgressJobsCount" time="0.020"/>
  <testcase classname="Website.Dashboard" name="VerifyDocumentsCount" time="1.319"/>
  <testcase classname="Website.Dashboard" name="VerifyCompletedJobsStatus" time="1.691"/>
  <testcase classname="Website.Dashboard" name="VerifyInProgressJobsStatus" time="0.023"/>
  <testcase classname="Website.Dashboard" name="SubmitTicketWithoutTitleAndMessage" time="7.824"/>
  <testcase classname="Website.Dashboard" name="SubmitTicketSuccessfully" time="10.715"/>
  <testcase classname="Website.Dashboard" name="CheckTitleIsMandatoryForTicket">
    <skipped/>
  </testcase> <!-- CheckTitleIsMandatoryForTicket -->
  <testcase classname="Website.Dashboard" name="CheckMessageIsMandatoryforTicket">
    <skipped/>
  </testcase> <!-- CheckMessageIsMandatoryforTicket -->
</testsuite> <!-- Website.Dashboard -->
